Warning: Design 'huffman' has '1' unresolved references. For more detailed information, use the "link" command. (UID-341)
 
****************************************
Report : area
Design : huffman
Version: S-2021.06-SP2
Date   : Wed Sep 14 09:43:59 2022
****************************************

Library(s) Used:

    slow (File: /cad/CBDK/CBDK_IC_Contest_v2.5/SynopsysDC/db/slow.db)

Number of ports:                          374
Number of nets:                          1842
Number of cells:                         1464
Number of combinational cells:            998
Number of sequential cells:               445
Number of macros/black boxes:               0
Number of buf/inv:                        176
Number of references:                      92

Combinational area:               9250.829962
Buf/Inv area:                      750.250788
Noncombinational area:           14298.897797
Macro/Black Box area:                0.000000
Net Interconnect area:          193481.000397

Total cell area:                 23549.727759
Total area:                     217030.728155

Information: This design contains black box (unknown) components. (RPT-8)
1
